[2025-07-29 20:34:43] laravel.EMERGENCY: Unable to create configured logger. Using emergency logger. {"exception":"[object] (InvalidArgumentException(code: 0): Log [] is not defined. at /home/runner/work/tall-stack-project/tall-stack-project/vendor/laravel/framework/src/Illuminate/Log/LogManager.php:212)
[stacktrace]
#0 /home/runner/work/tall-stack-project/tall-stack-project/vendor/laravel/framework/src/Illuminate/Log/LogManager.php(137): Illuminate\\Log\\LogManager->resolve()
#1 /home/runner/work/tall-stack-project/tall-stack-project/vendor/laravel/framework/src/Illuminate/Log/LogManager.php(124): Illuminate\\Log\\LogManager->get()
#2 /home/runner/work/tall-stack-project/tall-stack-project/vendor/laravel/framework/src/Illuminate/Log/LogManager.php(681): Illuminate\\Log\\LogManager->driver()
#3 /home/runner/work/tall-stack-project/tall-stack-project/vendor/laravel/framework/src/Illuminate/Foundation/Exceptions/Handler.php(317): Illuminate\\Log\\LogManager->error()
#4 /home/runner/work/tall-stack-project/tall-stack-project/vendor/laravel/framework/src/Illuminate/Foundation/Exceptions/Handler.php(278): Illuminate\\Foundation\\Exceptions\\Handler->reportThrowable()
#5 /home/runner/work/tall-stack-project/tall-stack-project/vendor/laravel/framework/src/Illuminate/Foundation/Console/Kernel.php(523): Illuminate\\Foundation\\Exceptions\\Handler->report()
#6 /home/runner/work/tall-stack-project/tall-stack-project/vendor/laravel/framework/src/Illuminate/Foundation/Console/Kernel.php(203): Illuminate\\Foundation\\Console\\Kernel->reportException()
#7 /home/runner/work/tall-stack-project/tall-stack-project/artisan(14): Illuminate\\Foundation\\Console\\Kernel->handle()
#8 {main}
"} 
[2025-07-29 20:34:43] laravel.ERROR: Method Illuminate\Foundation\Console\ClosureCommand::hourly does not exist. {"exception":"[object] (BadMethodCallException(code: 0): Method Illuminate\\Foundation\\Console\\ClosureCommand::hourly does not exist. at /home/runner/work/tall-stack-project/tall-stack-project/vendor/laravel/framework/src/Illuminate/Macroable/Traits/Macroable.php:112)
[stacktrace]
#0 /home/runner/work/tall-stack-project/tall-stack-project/routes/console.php(8): Illuminate\\Console\\Command->__call()
#1 /home/runner/work/tall-stack-project/tall-stack-project/app/Console/Kernel.php(25): require('...')
#2 /home/runner/work/tall-stack-project/tall-stack-project/vendor/laravel/framework/src/Illuminate/Foundation/Console/Kernel.php(453): App\\Console\\Kernel->commands()
#3 /home/runner/work/tall-stack-project/tall-stack-project/vendor/laravel/framework/src/Illuminate/Foundation/Console/Kernel.php(199): Illuminate\\Foundation\\Console\\Kernel->bootstrap()
#4 /home/runner/work/tall-stack-project/tall-stack-project/artisan(14): Illuminate\\Foundation\\Console\\Kernel->handle()
#5 {main}
"} 
[2025-07-29 20:39:19] laravel.EMERGENCY: Unable to create configured logger. Using emergency logger. {"exception":"[object] (InvalidArgumentException(code: 0): Log [] is not defined. at /home/runner/work/tall-stack-project/tall-stack-project/vendor/laravel/framework/src/Illuminate/Log/LogManager.php:212)
[stacktrace]
#0 /home/runner/work/tall-stack-project/tall-stack-project/vendor/laravel/framework/src/Illuminate/Log/LogManager.php(137): Illuminate\\Log\\LogManager->resolve()
#1 /home/runner/work/tall-stack-project/tall-stack-project/vendor/laravel/framework/src/Illuminate/Log/LogManager.php(124): Illuminate\\Log\\LogManager->get()
#2 /home/runner/work/tall-stack-project/tall-stack-project/vendor/laravel/framework/src/Illuminate/Log/LogManager.php(681): Illuminate\\Log\\LogManager->driver()
#3 /home/runner/work/tall-stack-project/tall-stack-project/vendor/laravel/framework/src/Illuminate/Foundation/Exceptions/Handler.php(317): Illuminate\\Log\\LogManager->error()
#4 /home/runner/work/tall-stack-project/tall-stack-project/vendor/laravel/framework/src/Illuminate/Foundation/Exceptions/Handler.php(278): Illuminate\\Foundation\\Exceptions\\Handler->reportThrowable()
#5 /home/runner/work/tall-stack-project/tall-stack-project/vendor/laravel/framework/src/Illuminate/Foundation/Console/Kernel.php(523): Illuminate\\Foundation\\Exceptions\\Handler->report()
#6 /home/runner/work/tall-stack-project/tall-stack-project/vendor/laravel/framework/src/Illuminate/Foundation/Console/Kernel.php(203): Illuminate\\Foundation\\Console\\Kernel->reportException()
#7 /home/runner/work/tall-stack-project/tall-stack-project/artisan(14): Illuminate\\Foundation\\Console\\Kernel->handle()
#8 {main}
"} 
[2025-07-29 20:39:19] laravel.ERROR: Command "make:livewire" is not defined.

Did you mean one of these?
    make:cast
    make:channel
    make:command
    make:component
    make:controller
    make:event
    make:exception
    make:factory
    make:job
    make:listener
    make:mail
    make:middleware
    make:migration
    make:model
    make:notification
    make:observer
    make:policy
    make:provider
    make:request
    make:resource
    make:rule
    make:scope
    make:seeder
    make:test
    make:view {"exception":"[object] (Symfony\\Component\\Console\\Exception\\CommandNotFoundException(code: 0): Command \"make:livewire\" is not defined.

Did you mean one of these?
    make:cast
    make:channel
    make:command
    make:component
    make:controller
    make:event
    make:exception
    make:factory
    make:job
    make:listener
    make:mail
    make:middleware
    make:migration
    make:model
    make:notification
    make:observer
    make:policy
    make:provider
    make:request
    make:resource
    make:rule
    make:scope
    make:seeder
    make:test
    make:view at /home/runner/work/tall-stack-project/tall-stack-project/vendor/symfony/console/Application.php:737)
[stacktrace]
#0 /home/runner/work/tall-stack-project/tall-stack-project/vendor/symfony/console/Application.php(266): Symfony\\Component\\Console\\Application->find()
#1 /home/runner/work/tall-stack-project/tall-stack-project/vendor/symfony/console/Application.php(175): Symfony\\Component\\Console\\Application->doRun()
#2 /home/runner/work/tall-stack-project/tall-stack-project/vendor/laravel/framework/src/Illuminate/Foundation/Console/Kernel.php(201): Symfony\\Component\\Console\\Application->run()
#3 /home/runner/work/tall-stack-project/tall-stack-project/artisan(14): Illuminate\\Foundation\\Console\\Kernel->handle()
#4 {main}
"} 
[2025-07-29 20:41:03] laravel.EMERGENCY: Unable to create configured logger. Using emergency logger. {"exception":"[object] (InvalidArgumentException(code: 0): Log [] is not defined. at /home/runner/work/tall-stack-project/tall-stack-project/vendor/laravel/framework/src/Illuminate/Log/LogManager.php:212)
[stacktrace]
#0 /home/runner/work/tall-stack-project/tall-stack-project/vendor/laravel/framework/src/Illuminate/Log/LogManager.php(137): Illuminate\\Log\\LogManager->resolve()
#1 /home/runner/work/tall-stack-project/tall-stack-project/vendor/laravel/framework/src/Illuminate/Log/LogManager.php(124): Illuminate\\Log\\LogManager->get()
#2 /home/runner/work/tall-stack-project/tall-stack-project/vendor/laravel/framework/src/Illuminate/Log/LogManager.php(681): Illuminate\\Log\\LogManager->driver()
#3 /home/runner/work/tall-stack-project/tall-stack-project/vendor/laravel/framework/src/Illuminate/Foundation/Exceptions/Handler.php(317): Illuminate\\Log\\LogManager->error()
#4 /home/runner/work/tall-stack-project/tall-stack-project/vendor/laravel/framework/src/Illuminate/Foundation/Exceptions/Handler.php(278): Illuminate\\Foundation\\Exceptions\\Handler->reportThrowable()
#5 /home/runner/work/tall-stack-project/tall-stack-project/vendor/laravel/framework/src/Illuminate/Foundation/Console/Kernel.php(523): Illuminate\\Foundation\\Exceptions\\Handler->report()
#6 /home/runner/work/tall-stack-project/tall-stack-project/vendor/laravel/framework/src/Illuminate/Foundation/Console/Kernel.php(203): Illuminate\\Foundation\\Console\\Kernel->reportException()
#7 /home/runner/work/tall-stack-project/tall-stack-project/artisan(14): Illuminate\\Foundation\\Console\\Kernel->handle()
#8 {main}
"} 
[2025-07-29 20:41:03] laravel.ERROR: Class "Livewire\LivewireServiceProvider" not found {"exception":"[object] (Error(code: 0): Class \"Livewire\\LivewireServiceProvider\" not found at /home/runner/work/tall-stack-project/tall-stack-project/vendor/laravel/framework/src/Illuminate/Foundation/ProviderRepository.php:206)
[stacktrace]
#0 /home/runner/work/tall-stack-project/tall-stack-project/vendor/laravel/framework/src/Illuminate/Foundation/ProviderRepository.php(142): Illuminate\\Foundation\\ProviderRepository->createProvider()
#1 /home/runner/work/tall-stack-project/tall-stack-project/vendor/laravel/framework/src/Illuminate/Foundation/ProviderRepository.php(61): Illuminate\\Foundation\\ProviderRepository->compileManifest()
#2 /home/runner/work/tall-stack-project/tall-stack-project/vendor/laravel/framework/src/Illuminate/Foundation/Application.php(794): Illuminate\\Foundation\\ProviderRepository->load()
#3 /home/runner/work/tall-stack-project/tall-stack-project/vendor/laravel/framework/src/Illuminate/Foundation/Bootstrap/RegisterProviders.php(17): Illuminate\\Foundation\\Application->registerConfiguredProviders()
#4 /home/runner/work/tall-stack-project/tall-stack-project/vendor/laravel/framework/src/Illuminate/Foundation/Application.php(286): Illuminate\\Foundation\\Bootstrap\\RegisterProviders->bootstrap()
#5 /home/runner/work/tall-stack-project/tall-stack-project/vendor/laravel/framework/src/Illuminate/Foundation/Console/Kernel.php(447): Illuminate\\Foundation\\Application->bootstrapWith()
#6 /home/runner/work/tall-stack-project/tall-stack-project/vendor/laravel/framework/src/Illuminate/Foundation/Console/Kernel.php(199): Illuminate\\Foundation\\Console\\Kernel->bootstrap()
#7 /home/runner/work/tall-stack-project/tall-stack-project/artisan(14): Illuminate\\Foundation\\Console\\Kernel->handle()
#8 {main}
"} 
[2025-07-29 20:48:40] laravel.EMERGENCY: Unable to create configured logger. Using emergency logger. {"exception":"[object] (InvalidArgumentException(code: 0): Log [] is not defined. at /home/runner/work/tall-stack-project/tall-stack-project/vendor/laravel/framework/src/Illuminate/Log/LogManager.php:212)
[stacktrace]
#0 /home/runner/work/tall-stack-project/tall-stack-project/vendor/laravel/framework/src/Illuminate/Log/LogManager.php(137): Illuminate\\Log\\LogManager->resolve()
#1 /home/runner/work/tall-stack-project/tall-stack-project/vendor/laravel/framework/src/Illuminate/Log/LogManager.php(124): Illuminate\\Log\\LogManager->get()
#2 /home/runner/work/tall-stack-project/tall-stack-project/vendor/laravel/framework/src/Illuminate/Log/LogManager.php(681): Illuminate\\Log\\LogManager->driver()
#3 /home/runner/work/tall-stack-project/tall-stack-project/vendor/laravel/framework/src/Illuminate/Foundation/Exceptions/Handler.php(317): Illuminate\\Log\\LogManager->error()
#4 /home/runner/work/tall-stack-project/tall-stack-project/vendor/laravel/framework/src/Illuminate/Foundation/Exceptions/Handler.php(278): Illuminate\\Foundation\\Exceptions\\Handler->reportThrowable()
#5 /home/runner/work/tall-stack-project/tall-stack-project/vendor/laravel/framework/src/Illuminate/Foundation/Http/Kernel.php(497): Illuminate\\Foundation\\Exceptions\\Handler->report()
#6 /home/runner/work/tall-stack-project/tall-stack-project/vendor/laravel/framework/src/Illuminate/Foundation/Http/Kernel.php(146): Illuminate\\Foundation\\Http\\Kernel->reportException()
#7 /home/runner/work/tall-stack-project/tall-stack-project/public/index.php(21): Illuminate\\Foundation\\Http\\Kernel->handle()
#8 /home/runner/work/tall-stack-project/tall-stack-project/vendor/laravel/framework/src/Illuminate/Foundation/resources/server.php(16): require_once('...')
#9 {main}
"} 
[2025-07-29 20:48:40] laravel.ERROR: Illuminate\View\FileViewFinder::__construct(): Argument #2 ($paths) must be of type array, null given, called in /home/runner/work/tall-stack-project/tall-stack-project/vendor/laravel/framework/src/Illuminate/View/ViewServiceProvider.php on line 85 {"exception":"[object] (TypeError(code: 0): Illuminate\\View\\FileViewFinder::__construct(): Argument #2 ($paths) must be of type array, null given, called in /home/runner/work/tall-stack-project/tall-stack-project/vendor/laravel/framework/src/Illuminate/View/ViewServiceProvider.php on line 85 at /home/runner/work/tall-stack-project/tall-stack-project/vendor/laravel/framework/src/Illuminate/View/FileViewFinder.php:53)
[stacktrace]
#0 /home/runner/work/tall-stack-project/tall-stack-project/vendor/laravel/framework/src/Illuminate/View/ViewServiceProvider.php(85): Illuminate\\View\\FileViewFinder->__construct()
#1 /home/runner/work/tall-stack-project/tall-stack-project/vendor/laravel/framework/src/Illuminate/Container/Container.php(908): Illuminate\\View\\ViewServiceProvider->Illuminate\\View\\{closure}()
#2 /home/runner/work/tall-stack-project/tall-stack-project/vendor/laravel/framework/src/Illuminate/Container/Container.php(795): Illuminate\\Container\\Container->build()
#3 /home/runner/work/tall-stack-project/tall-stack-project/vendor/laravel/framework/src/Illuminate/Foundation/Application.php(986): Illuminate\\Container\\Container->resolve()
#4 /home/runner/work/tall-stack-project/tall-stack-project/vendor/laravel/framework/src/Illuminate/Container/Container.php(731): Illuminate\\Foundation\\Application->resolve()
#5 /home/runner/work/tall-stack-project/tall-stack-project/vendor/laravel/framework/src/Illuminate/Foundation/Application.php(971): Illuminate\\Container\\Container->make()
#6 /home/runner/work/tall-stack-project/tall-stack-project/vendor/laravel/framework/src/Illuminate/Container/Container.php(1454): Illuminate\\Foundation\\Application->make()
#7 /home/runner/work/tall-stack-project/tall-stack-project/vendor/laravel/framework/src/Illuminate/View/ViewServiceProvider.php(45): Illuminate\\Container\\Container->offsetGet()
#8 /home/runner/work/tall-stack-project/tall-stack-project/vendor/laravel/framework/src/Illuminate/Container/Container.php(908): Illuminate\\View\\ViewServiceProvider->Illuminate\\View\\{closure}()
#9 /home/runner/work/tall-stack-project/tall-stack-project/vendor/laravel/framework/src/Illuminate/Container/Container.php(795): Illuminate\\Container\\Container->build()
#10 /home/runner/work/tall-stack-project/tall-stack-project/vendor/laravel/framework/src/Illuminate/Foundation/Application.php(986): Illuminate\\Container\\Container->resolve()
#11 /home/runner/work/tall-stack-project/tall-stack-project/vendor/laravel/framework/src/Illuminate/Container/Container.php(731): Illuminate\\Foundation\\Application->resolve()
#12 /home/runner/work/tall-stack-project/tall-stack-project/vendor/laravel/framework/src/Illuminate/Foundation/Application.php(971): Illuminate\\Container\\Container->make()
#13 /home/runner/work/tall-stack-project/tall-stack-project/vendor/laravel/framework/src/Illuminate/Container/Container.php(1454): Illuminate\\Foundation\\Application->make()
#14 /home/runner/work/tall-stack-project/tall-stack-project/vendor/laravel/framework/src/Illuminate/Support/Facades/Facade.php(237): Illuminate\\Container\\Container->offsetGet()
#15 /home/runner/work/tall-stack-project/tall-stack-project/vendor/laravel/framework/src/Illuminate/Support/Facades/Facade.php(208): Illuminate\\Support\\Facades\\Facade::resolveFacadeInstance()
#16 /home/runner/work/tall-stack-project/tall-stack-project/vendor/laravel/framework/src/Illuminate/Support/Facades/Facade.php(349): Illuminate\\Support\\Facades\\Facade::getFacadeRoot()
#17 /home/runner/work/tall-stack-project/tall-stack-project/vendor/laravel/framework/src/Illuminate/Foundation/Exceptions/RegisterErrorViewPaths.php(16): Illuminate\\Support\\Facades\\Facade::__callStatic()
#18 /home/runner/work/tall-stack-project/tall-stack-project/vendor/laravel/framework/src/Illuminate/Foundation/Exceptions/Handler.php(744): Illuminate\\Foundation\\Exceptions\\RegisterErrorViewPaths->__invoke()
#19 /home/runner/work/tall-stack-project/tall-stack-project/vendor/laravel/framework/src/Illuminate/Foundation/Exceptions/Handler.php(719): Illuminate\\Foundation\\Exceptions\\Handler->registerErrorViewPaths()
#20 /home/runner/work/tall-stack-project/tall-stack-project/vendor/laravel/framework/src/Illuminate/Foundation/Exceptions/Handler.php(650): Illuminate\\Foundation\\Exceptions\\Handler->renderHttpException()
#21 /home/runner/work/tall-stack-project/tall-stack-project/vendor/laravel/framework/src/Illuminate/Foundation/Exceptions/Handler.php(556): Illuminate\\Foundation\\Exceptions\\Handler->prepareResponse()
#22 /home/runner/work/tall-stack-project/tall-stack-project/vendor/laravel/framework/src/Illuminate/Foundation/Exceptions/Handler.php(473): Illuminate\\Foundation\\Exceptions\\Handler->renderExceptionResponse()
#23 /home/runner/work/tall-stack-project/tall-stack-project/vendor/laravel/framework/src/Illuminate/Routing/Pipeline.php(51): Illuminate\\Foundation\\Exceptions\\Handler->render()
#24 /home/runner/work/tall-stack-project/tall-stack-project/vendor/laravel/framework/src/Illuminate/Pipeline/Pipeline.php(146): Illuminate\\Routing\\Pipeline->handleException()
#25 /home/runner/work/tall-stack-project/tall-stack-project/vendor/laravel/framework/src/Illuminate/Pipeline/Pipeline.php(119): Illuminate\\Pipeline\\Pipeline->Illuminate\\Pipeline\\{closure}()
#26 /home/runner/work/tall-stack-project/tall-stack-project/vendor/laravel/framework/src/Illuminate/Foundation/Http/Kernel.php(175): Illuminate\\Pipeline\\Pipeline->then()
#27 /home/runner/work/tall-stack-project/tall-stack-project/vendor/laravel/framework/src/Illuminate/Foundation/Http/Kernel.php(144): Illuminate\\Foundation\\Http\\Kernel->sendRequestThroughRouter()
#28 /home/runner/work/tall-stack-project/tall-stack-project/public/index.php(21): Illuminate\\Foundation\\Http\\Kernel->handle()
#29 /home/runner/work/tall-stack-project/tall-stack-project/vendor/laravel/framework/src/Illuminate/Foundation/resources/server.php(16): require_once('...')
#30 {main}
"} 
[2025-07-29 20:49:08] laravel.EMERGENCY: Unable to create configured logger. Using emergency logger. {"exception":"[object] (InvalidArgumentException(code: 0): Log [] is not defined. at /home/runner/work/tall-stack-project/tall-stack-project/vendor/laravel/framework/src/Illuminate/Log/LogManager.php:212)
[stacktrace]
#0 /home/runner/work/tall-stack-project/tall-stack-project/vendor/laravel/framework/src/Illuminate/Log/LogManager.php(137): Illuminate\\Log\\LogManager->resolve()
#1 /home/runner/work/tall-stack-project/tall-stack-project/vendor/laravel/framework/src/Illuminate/Log/LogManager.php(124): Illuminate\\Log\\LogManager->get()
#2 /home/runner/work/tall-stack-project/tall-stack-project/vendor/laravel/framework/src/Illuminate/Log/LogManager.php(681): Illuminate\\Log\\LogManager->driver()
#3 /home/runner/work/tall-stack-project/tall-stack-project/vendor/laravel/framework/src/Illuminate/Foundation/Exceptions/Handler.php(317): Illuminate\\Log\\LogManager->error()
#4 /home/runner/work/tall-stack-project/tall-stack-project/vendor/laravel/framework/src/Illuminate/Foundation/Exceptions/Handler.php(278): Illuminate\\Foundation\\Exceptions\\Handler->reportThrowable()
#5 /home/runner/work/tall-stack-project/tall-stack-project/vendor/laravel/framework/src/Illuminate/Foundation/Http/Kernel.php(497): Illuminate\\Foundation\\Exceptions\\Handler->report()
#6 /home/runner/work/tall-stack-project/tall-stack-project/vendor/laravel/framework/src/Illuminate/Foundation/Http/Kernel.php(146): Illuminate\\Foundation\\Http\\Kernel->reportException()
#7 /home/runner/work/tall-stack-project/tall-stack-project/public/index.php(21): Illuminate\\Foundation\\Http\\Kernel->handle()
#8 /home/runner/work/tall-stack-project/tall-stack-project/vendor/laravel/framework/src/Illuminate/Foundation/resources/server.php(16): require_once('...')
#9 {main}
"} 
[2025-07-29 20:49:08] laravel.ERROR: Unable to resolve NULL driver for [Illuminate\Session\SessionManager]. {"exception":"[object] (InvalidArgumentException(code: 0): Unable to resolve NULL driver for [Illuminate\\Session\\SessionManager]. at /home/runner/work/tall-stack-project/tall-stack-project/vendor/laravel/framework/src/Illuminate/Support/Manager.php:71)
[stacktrace]
#0 /home/runner/work/tall-stack-project/tall-stack-project/vendor/laravel/framework/src/Illuminate/Session/SessionServiceProvider.php(52): Illuminate\\Support\\Manager->driver()
#1 /home/runner/work/tall-stack-project/tall-stack-project/vendor/laravel/framework/src/Illuminate/Container/Container.php(908): Illuminate\\Session\\SessionServiceProvider->Illuminate\\Session\\{closure}()
#2 /home/runner/work/tall-stack-project/tall-stack-project/vendor/laravel/framework/src/Illuminate/Container/Container.php(795): Illuminate\\Container\\Container->build()
#3 /home/runner/work/tall-stack-project/tall-stack-project/vendor/laravel/framework/src/Illuminate/Foundation/Application.php(986): Illuminate\\Container\\Container->resolve()
#4 /home/runner/work/tall-stack-project/tall-stack-project/vendor/laravel/framework/src/Illuminate/Container/Container.php(731): Illuminate\\Foundation\\Application->resolve()
#5 /home/runner/work/tall-stack-project/tall-stack-project/vendor/laravel/framework/src/Illuminate/Foundation/Application.php(971): Illuminate\\Container\\Container->make()
#6 /home/runner/work/tall-stack-project/tall-stack-project/vendor/laravel/framework/src/Illuminate/Container/Container.php(1454): Illuminate\\Foundation\\Application->make()
#7 /home/runner/work/tall-stack-project/tall-stack-project/vendor/laravel/framework/src/Illuminate/Routing/RoutingServiceProvider.php(120): Illuminate\\Container\\Container->offsetGet()
#8 /home/runner/work/tall-stack-project/tall-stack-project/vendor/laravel/framework/src/Illuminate/Container/Container.php(908): Illuminate\\Routing\\RoutingServiceProvider->Illuminate\\Routing\\{closure}()
#9 /home/runner/work/tall-stack-project/tall-stack-project/vendor/laravel/framework/src/Illuminate/Container/Container.php(795): Illuminate\\Container\\Container->build()
#10 /home/runner/work/tall-stack-project/tall-stack-project/vendor/laravel/framework/src/Illuminate/Foundation/Application.php(986): Illuminate\\Container\\Container->resolve()
#11 /home/runner/work/tall-stack-project/tall-stack-project/vendor/laravel/framework/src/Illuminate/Container/Container.php(731): Illuminate\\Foundation\\Application->resolve()
#12 /home/runner/work/tall-stack-project/tall-stack-project/vendor/laravel/framework/src/Illuminate/Foundation/Application.php(971): Illuminate\\Container\\Container->make()
#13 /home/runner/work/tall-stack-project/tall-stack-project/vendor/laravel/framework/src/Illuminate/Container/Container.php(1454): Illuminate\\Foundation\\Application->make()
#14 /home/runner/work/tall-stack-project/tall-stack-project/vendor/laravel/framework/src/Illuminate/Routing/RoutingServiceProvider.php(182): Illuminate\\Container\\Container->offsetGet()
#15 /home/runner/work/tall-stack-project/tall-stack-project/vendor/laravel/framework/src/Illuminate/Container/Container.php(908): Illuminate\\Routing\\RoutingServiceProvider->Illuminate\\Routing\\{closure}()
#16 /home/runner/work/tall-stack-project/tall-stack-project/vendor/laravel/framework/src/Illuminate/Container/Container.php(795): Illuminate\\Container\\Container->build()
#17 /home/runner/work/tall-stack-project/tall-stack-project/vendor/laravel/framework/src/Illuminate/Foundation/Application.php(986): Illuminate\\Container\\Container->resolve()
#18 /home/runner/work/tall-stack-project/tall-stack-project/vendor/laravel/framework/src/Illuminate/Container/Container.php(731): Illuminate\\Foundation\\Application->resolve()
#19 /home/runner/work/tall-stack-project/tall-stack-project/vendor/laravel/framework/src/Illuminate/Foundation/Application.php(971): Illuminate\\Container\\Container->make()
#20 /home/runner/work/tall-stack-project/tall-stack-project/vendor/laravel/framework/src/Illuminate/Foundation/helpers.php(120): Illuminate\\Foundation\\Application->make()
#21 /home/runner/work/tall-stack-project/tall-stack-project/vendor/laravel/framework/src/Illuminate/Foundation/helpers.php(790): app()
#22 /home/runner/work/tall-stack-project/tall-stack-project/vendor/laravel/framework/src/Illuminate/Foundation/Exceptions/Handler.php(723): response()
#23 /home/runner/work/tall-stack-project/tall-stack-project/vendor/laravel/framework/src/Illuminate/Foundation/Exceptions/Handler.php(650): Illuminate\\Foundation\\Exceptions\\Handler->renderHttpException()
#24 /home/runner/work/tall-stack-project/tall-stack-project/vendor/laravel/framework/src/Illuminate/Foundation/Exceptions/Handler.php(556): Illuminate\\Foundation\\Exceptions\\Handler->prepareResponse()
#25 /home/runner/work/tall-stack-project/tall-stack-project/vendor/laravel/framework/src/Illuminate/Foundation/Exceptions/Handler.php(473): Illuminate\\Foundation\\Exceptions\\Handler->renderExceptionResponse()
#26 /home/runner/work/tall-stack-project/tall-stack-project/vendor/laravel/framework/src/Illuminate/Routing/Pipeline.php(51): Illuminate\\Foundation\\Exceptions\\Handler->render()
#27 /home/runner/work/tall-stack-project/tall-stack-project/vendor/laravel/framework/src/Illuminate/Pipeline/Pipeline.php(146): Illuminate\\Routing\\Pipeline->handleException()
#28 /home/runner/work/tall-stack-project/tall-stack-project/vendor/laravel/framework/src/Illuminate/Pipeline/Pipeline.php(119): Illuminate\\Pipeline\\Pipeline->Illuminate\\Pipeline\\{closure}()
#29 /home/runner/work/tall-stack-project/tall-stack-project/vendor/laravel/framework/src/Illuminate/Foundation/Http/Kernel.php(175): Illuminate\\Pipeline\\Pipeline->then()
#30 /home/runner/work/tall-stack-project/tall-stack-project/vendor/laravel/framework/src/Illuminate/Foundation/Http/Kernel.php(144): Illuminate\\Foundation\\Http\\Kernel->sendRequestThroughRouter()
#31 /home/runner/work/tall-stack-project/tall-stack-project/public/index.php(21): Illuminate\\Foundation\\Http\\Kernel->handle()
#32 /home/runner/work/tall-stack-project/tall-stack-project/vendor/laravel/framework/src/Illuminate/Foundation/resources/server.php(16): require_once('...')
#33 {main}
"} 
[2025-07-29 20:49:29] laravel.EMERGENCY: Unable to create configured logger. Using emergency logger. {"exception":"[object] (InvalidArgumentException(code: 0): Log [] is not defined. at /home/runner/work/tall-stack-project/tall-stack-project/vendor/laravel/framework/src/Illuminate/Log/LogManager.php:212)
[stacktrace]
#0 /home/runner/work/tall-stack-project/tall-stack-project/vendor/laravel/framework/src/Illuminate/Log/LogManager.php(137): Illuminate\\Log\\LogManager->resolve()
#1 /home/runner/work/tall-stack-project/tall-stack-project/vendor/laravel/framework/src/Illuminate/Log/LogManager.php(124): Illuminate\\Log\\LogManager->get()
#2 /home/runner/work/tall-stack-project/tall-stack-project/vendor/laravel/framework/src/Illuminate/Log/LogManager.php(681): Illuminate\\Log\\LogManager->driver()
#3 /home/runner/work/tall-stack-project/tall-stack-project/vendor/laravel/framework/src/Illuminate/Foundation/Exceptions/Handler.php(317): Illuminate\\Log\\LogManager->error()
#4 /home/runner/work/tall-stack-project/tall-stack-project/vendor/laravel/framework/src/Illuminate/Foundation/Exceptions/Handler.php(278): Illuminate\\Foundation\\Exceptions\\Handler->reportThrowable()
#5 /home/runner/work/tall-stack-project/tall-stack-project/vendor/laravel/framework/src/Illuminate/Foundation/Http/Kernel.php(497): Illuminate\\Foundation\\Exceptions\\Handler->report()
#6 /home/runner/work/tall-stack-project/tall-stack-project/vendor/laravel/framework/src/Illuminate/Foundation/Http/Kernel.php(146): Illuminate\\Foundation\\Http\\Kernel->reportException()
#7 /home/runner/work/tall-stack-project/tall-stack-project/public/index.php(21): Illuminate\\Foundation\\Http\\Kernel->handle()
#8 /home/runner/work/tall-stack-project/tall-stack-project/vendor/laravel/framework/src/Illuminate/Foundation/resources/server.php(16): require_once('...')
#9 {main}
"} 
[2025-07-29 20:49:29] laravel.ERROR: Call to undefined function str_slug() {"exception":"[object] (Error(code: 0): Call to undefined function str_slug() at /home/runner/work/tall-stack-project/tall-stack-project/config/session.php:15)
[stacktrace]
#0 /home/runner/work/tall-stack-project/tall-stack-project/vendor/laravel/framework/src/Illuminate/Foundation/Bootstrap/LoadConfiguration.php(70): require()
#1 /home/runner/work/tall-stack-project/tall-stack-project/vendor/laravel/framework/src/Illuminate/Foundation/Bootstrap/LoadConfiguration.php(39): Illuminate\\Foundation\\Bootstrap\\LoadConfiguration->loadConfigurationFiles()
#2 /home/runner/work/tall-stack-project/tall-stack-project/vendor/laravel/framework/src/Illuminate/Foundation/Application.php(286): Illuminate\\Foundation\\Bootstrap\\LoadConfiguration->bootstrap()
#3 /home/runner/work/tall-stack-project/tall-stack-project/vendor/laravel/framework/src/Illuminate/Foundation/Http/Kernel.php(186): Illuminate\\Foundation\\Application->bootstrapWith()
#4 /home/runner/work/tall-stack-project/tall-stack-project/vendor/laravel/framework/src/Illuminate/Foundation/Http/Kernel.php(170): Illuminate\\Foundation\\Http\\Kernel->bootstrap()
#5 /home/runner/work/tall-stack-project/tall-stack-project/vendor/laravel/framework/src/Illuminate/Foundation/Http/Kernel.php(144): Illuminate\\Foundation\\Http\\Kernel->sendRequestThroughRouter()
#6 /home/runner/work/tall-stack-project/tall-stack-project/public/index.php(21): Illuminate\\Foundation\\Http\\Kernel->handle()
#7 /home/runner/work/tall-stack-project/tall-stack-project/vendor/laravel/framework/src/Illuminate/Foundation/resources/server.php(16): require_once('...')
#8 {main}
"} 
